[debug] [2023-02-11T19:25:47.333Z] ----------------------------------------------------------------------
[debug] [2023-02-11T19:25:47.340Z] Command:       C:\Program Files\nodejs\node.exe C:\Users\Altaf\AppData\Roaming\npm\node_modules\firebase-tools\lib\bin\firebase.js init
[debug] [2023-02-11T19:25:47.343Z] CLI Version:   11.22.0
[debug] [2023-02-11T19:25:47.343Z] Platform:      win32
[debug] [2023-02-11T19:25:47.344Z] Node Version:  v18.12.1
[debug] [2023-02-11T19:25:47.347Z] Time:          Sat Feb 11 2023 11:25:47 GMT-0800 (Pacific Standard Time)
[debug] [2023-02-11T19:25:47.348Z] ----------------------------------------------------------------------
[debug] 
[debug] [2023-02-11T19:25:47.589Z] > command requires scopes: ["email","openid","https://www.googleapis.com/auth/cloudplatformprojects.readonly","https://www.googleapis.com/auth/firebase","https://www.googleapis.com/auth/cloud-platform"]
[debug] [2023-02-11T19:25:47.591Z] > authorizing via signed-in user (altafrajavines@gmail.com)
[info] 
     ######## #### ########  ######## ########     ###     ######  ########
     ##        ##  ##     ## ##       ##     ##  ##   ##  ##       ##
     ######    ##  ########  ######   ########  #########  ######  ######
     ##        ##  ##    ##  ##       ##     ## ##     ##       ## ##
     ##       #### ##     ## ######## ########  ##     ##  ######  ########

You're about to initialize a Firebase project in this directory:

  C:\Users\Altaf\Desktop\web development\heyreact\rmall

Before we get started, keep in mind:

  * You are initializing within an existing Firebase project directory

[info] 
=== Project Setup
[info] 
[info] First, let's associate this project directory with a Firebase project.
[info] You can create multiple project aliases by running firebase use --add, 
[info] but for now we'll just set up a default project.
[info] 
[debug] [2023-02-11T19:25:58.858Z] Using project from CLI flag: altaf-raja21
[debug] [2023-02-11T19:25:58.866Z] >>> [apiv2][query] GET https://firebase.googleapis.com/v1beta1/projects/altaf-raja21 [none]
[debug] [2023-02-11T19:26:05.891Z] <<< [apiv2][status] GET https://firebase.googleapis.com/v1beta1/projects/altaf-raja21 200
[debug] [2023-02-11T19:26:05.891Z] <<< [apiv2][body] GET https://firebase.googleapis.com/v1beta1/projects/altaf-raja21 {"projectId":"altaf-raja21","projectNumber":"915254329591","displayName":"altaf raja21","name":"projects/altaf-raja21","resources":{"hostingSite":"altaf-raja21"},"state":"ACTIVE","etag":"1_69816291-44a8-4e85-8ab8-0a882a2e8808"}
[info] i  Using project altaf-raja21 (altaf raja21) 
[info] 
=== Hosting Setup
[info] 
[info] Your public directory is the folder (relative to your project directory) that
[info] will contain Hosting assets to be uploaded with firebase deploy. If you
[info] have a build process for your assets, use your build's output directory.
[info] 
